<?xml version="1.0" encoding="UTF-8"?>
<testng-results ignored="0" total="4" passed="4" failed="0" skipped="0">
  <reporter-output>
  </reporter-output>
  <suite started-at="2026-06-09T10:09:44 IST" name="FlightBookingSuite" finished-at="2026-06-09T10:10:02 IST" duration-ms="17943">
    <groups>
      <group name="regression">
        <method signature="FlightBookingTest.verifyHomePage()[pri:1, instance:testcases.FlightBookingTest@5852c06f]" name="verifyHomePage" class="testcases.FlightBookingTest"/>
        <method signature="FlightBookingTest.verifyFlightSearch()[pri:2, instance:testcases.FlightBookingTest@5852c06f]" name="verifyFlightSearch" class="testcases.FlightBookingTest"/>
        <method signature="FlightBookingTest.verifyPurchasePage(java.lang.String,java.lang.String,java.lang.String,java.lang.String,java.lang.String,java.lang.String,java.lang.String,java.lang.String,java.lang.String,java.lang.String)[pri:3, instance:testcases.FlightBookingTest@5852c06f]" name="verifyPurchasePage" class="testcases.FlightBookingTest"/>
        <method signature="FlightBookingTest.verifyBookingConfirmation()[pri:4, instance:testcases.FlightBookingTest@5852c06f]" name="verifyBookingConfirmation" class="testcases.FlightBookingTest"/>
      </group> <!-- regression -->
      <group name="smoke">
        <method signature="FlightBookingTest.verifyHomePage()[pri:1, instance:testcases.FlightBookingTest@5852c06f]" name="verifyHomePage" class="testcases.FlightBookingTest"/>
      </group> <!-- smoke -->
    </groups>
    <test started-at="2026-06-09T10:09:44 IST" name="FlightBookingTests" finished-at="2026-06-09T10:10:02 IST" duration-ms="17943">
      <class name="testcases.FlightBookingTest">
        <test-method is-config="true" signature="setup()[pri:0, instance:testcases.FlightBookingTest@5852c06f]" started-at="2026-06-09T10:09:44 IST" name="setup" finished-at="2026-06-09T10:09:51 IST" duration-ms="6652" status="PASS">
          <reporter-output>
          </reporter-output>
        </test-method> <!-- setup -->
        <test-method signature="verifyHomePage()[pri:1, instance:testcases.FlightBookingTest@5852c06f]" started-at="2026-06-09T10:09:51 IST" name="verifyHomePage" finished-at="2026-06-09T10:09:52 IST" duration-ms="1330" status="PASS">
          <reporter-output>
          </reporter-output>
        </test-method> <!-- verifyHomePage -->
        <test-method signature="verifyFlightSearch()[pri:2, instance:testcases.FlightBookingTest@5852c06f]" started-at="2026-06-09T10:09:52 IST" name="verifyFlightSearch" finished-at="2026-06-09T10:09:53 IST" depends-on-methods="testcases.FlightBookingTest.verifyHomePage" duration-ms="861" status="PASS">
          <reporter-output>
          </reporter-output>
        </test-method> <!-- verifyFlightSearch -->
        <test-method signature="verifyPurchasePage(java.lang.String,java.lang.String,java.lang.String,java.lang.String,java.lang.String,java.lang.String,java.lang.String,java.lang.String,java.lang.String,java.lang.String)[pri:3, instance:testcases.FlightBookingTest@5852c06f]" started-at="2026-06-09T10:09:55 IST" name="verifyPurchasePage" data-provider="bookingData" finished-at="2026-06-09T10:09:58 IST" depends-on-methods="testcases.FlightBookingTest.verifyFlightSearch" duration-ms="3648" status="PASS">
          <params>
            <param index="0">
              <value>
                <![CDATA[Baivab Sarakr]]>
              </value>
            </param>
            <param index="1">
              <value>
                <![CDATA[Park Street Area]]>
              </value>
            </param>
            <param index="2">
              <value>
                <![CDATA[Kolkata]]>
              </value>
            </param>
            <param index="3">
              <value>
                <![CDATA[West Bengal]]>
              </value>
            </param>
            <param index="4">
              <value>
                <![CDATA[700001]]>
              </value>
            </param>
            <param index="5">
              <value>
                <![CDATA[Visa]]>
              </value>
            </param>
            <param index="6">
              <value>
                <![CDATA[4111111111111110]]>
              </value>
            </param>
            <param index="7">
              <value>
                <![CDATA[12]]>
              </value>
            </param>
            <param index="8">
              <value>
                <![CDATA[2028]]>
              </value>
            </param>
            <param index="9">
              <value>
                <![CDATA[Baivab Sarakr]]>
              </value>
            </param>
          </params>
          <reporter-output>
          </reporter-output>
        </test-method> <!-- verifyPurchasePage -->
        <test-method signature="verifyBookingConfirmation()[pri:4, instance:testcases.FlightBookingTest@5852c06f]" started-at="2026-06-09T10:09:59 IST" name="verifyBookingConfirmation" finished-at="2026-06-09T10:10:01 IST" depends-on-methods="testcases.FlightBookingTest.verifyPurchasePage" duration-ms="2564" status="PASS">
          <reporter-output>
          </reporter-output>
        </test-method> <!-- verifyBookingConfirmation -->
        <test-method is-config="true" signature="tearDown()[pri:0, instance:testcases.FlightBookingTest@5852c06f]" started-at="2026-06-09T10:10:01 IST" name="tearDown" finished-at="2026-06-09T10:10:02 IST" duration-ms="831" status="PASS">
          <reporter-output>
          </reporter-output>
        </test-method> <!-- tearDown -->
      </class> <!-- testcases.FlightBookingTest -->
    </test> <!-- FlightBookingTests -->
  </suite> <!-- FlightBookingSuite -->
</testng-results>
