<?xml version="1.0" encoding="UTF-8"?>
<testng-results ignored="5" total="7" passed="2" failed="0" skipped="0">
  <reporter-output>
  </reporter-output>
  <suite started-at="2026-05-21T16:28:19 IST" name="GroupSuite" finished-at="2026-05-21T16:29:46 IST" duration-ms="86855">
    <groups>
      <group name="Smoke">
        <method signature="Amazon_TestNG_XML.login()[pri:0, instance:Testing_Pratice.Amazon_TestNG_XML@c730b35]" name="login" class="Testing_Pratice.Amazon_TestNG_XML"/>
        <method signature="Amazon_TestNG_XML.search_Engine()[pri:0, instance:Testing_Pratice.Amazon_TestNG_XML@c730b35]" name="search_Engine" class="Testing_Pratice.Amazon_TestNG_XML"/>
      </group> <!-- Smoke -->
    </groups>
    <test started-at="2026-05-21T16:28:19 IST" name="SmokeTest" finished-at="2026-05-21T16:29:46 IST" duration-ms="86855">
      <class name="Testing_Pratice.Amazon_TestNG_XML">
        <test-method is-config="true" signature="beforeTest()[pri:0, instance:Testing_Pratice.Amazon_TestNG_XML@c730b35]" started-at="2026-05-21T16:28:19 IST" name="beforeTest" finished-at="2026-05-21T16:28:26 IST" duration-ms="6183" status="PASS">
          <reporter-output>
          </reporter-output>
        </test-method> <!-- beforeTest -->
        <test-method signature="login()[pri:0, instance:Testing_Pratice.Amazon_TestNG_XML@c730b35]" started-at="2026-05-21T16:28:26 IST" name="login" finished-at="2026-05-21T16:29:10 IST" duration-ms="44200" status="PASS">
          <reporter-output>
          </reporter-output>
        </test-method> <!-- login -->
        <test-method signature="search_Engine()[pri:0, instance:Testing_Pratice.Amazon_TestNG_XML@c730b35]" started-at="2026-05-21T16:29:10 IST" name="search_Engine" finished-at="2026-05-21T16:29:46 IST" duration-ms="35954" status="PASS">
          <reporter-output>
          </reporter-output>
        </test-method> <!-- search_Engine -->
        <test-method is-config="true" signature="afterTest()[pri:0, instance:Testing_Pratice.Amazon_TestNG_XML@c730b35]" started-at="2026-05-21T16:29:46 IST" name="afterTest" finished-at="2026-05-21T16:29:46 IST" duration-ms="353" status="PASS">
          <reporter-output>
          </reporter-output>
        </test-method> <!-- afterTest -->
      </class> <!-- Testing_Pratice.Amazon_TestNG_XML -->
    </test> <!-- SmokeTest -->
  </suite> <!-- GroupSuite -->
</testng-results>
