<?xml version="1.0" encoding="UTF-8"?>
<!-- Generated by org.testng.reporters.JUnitXMLReporter -->
<testsuite ignored="0" hostname="DESKTOP-935VO9M" failures="0" tests="11" name="RegressionTest" time="47.063" errors="0" timestamp="2026-05-24T14:47:05 IST">
  <testcase classname="testcases.TutorialsNinjaTest" name="registerUser" time="5.406"/>
  <testcase classname="testcases.TutorialsNinjaTest" name="login" time="2.486"/>
  <testcase classname="testcases.TutorialsNinjaTest" name="searchEngine" time="3.62"/>
  <testcase classname="testcases.TutorialsNinjaTest" name="searchEngine" time="3.621"/>
  <testcase classname="testcases.TutorialsNinjaTest" name="searchEngine" time="3.714"/>
  <testcase classname="testcases.TutorialsNinjaTest" name="addProductsToCart" time="5.467"/>
  <testcase classname="testcases.TutorialsNinjaTest" name="addProductsToCart" time="4.903"/>
  <testcase classname="testcases.TutorialsNinjaTest" name="addProductsToCart" time="6.028"/>
  <testcase classname="testcases.TutorialsNinjaTest" name="removeProductsToCart" time="3.814"/>
  <testcase classname="testcases.TutorialsNinjaTest" name="checkout" time="0.795"/>
  <testcase classname="testcases.TutorialsNinjaTest" name="logoutUser" time="2.924"/>
</testsuite> <!-- RegressionTest -->
