<?xml version="1.0" encoding="UTF-8"?>
<!-- Generated by org.testng.reporters.JUnitReportReporter -->
<testsuite hostname="DESKTOP-935VO9M" failures="0" tests="8" name="runners.TestRunner" time="1421.146" errors="0" timestamp="2026-05-30T22:42:04 IST" skipped="0">
  <testcase classname="runners.TestRunner" name="runScenario" time="175.524"/>
  <testcase classname="runners.TestRunner" name="runScenario" time="175.985"/>
  <testcase classname="runners.TestRunner" name="runScenario" time="176.252"/>
  <testcase classname="runners.TestRunner" name="runScenario" time="174.675"/>
  <testcase classname="runners.TestRunner" name="runScenario" time="167.893"/>
  <testcase classname="runners.TestRunner" name="runScenario" time="156.543"/>
  <testcase classname="runners.TestRunner" name="runScenario" time="176.579"/>
  <testcase classname="runners.TestRunner" name="runScenario" time="217.695"/>
</testsuite> <!-- runners.TestRunner -->
