<?xml version="1.0" encoding="UTF-8"?>
<!-- Generated by org.testng.reporters.JUnitXMLReporter -->
<testsuite ignored="3" hostname="DESKTOP-935VO9M" failures="0" tests="0" time="0.031" errors="0" timestamp="2026-05-21T16:07:36 IST">
  <testcase classname="Testing_Pratice.CrossBrowserTesting" name="firefox" time="0.0">
    <ignored/>
  </testcase> <!-- firefox -->
  <testcase classname="Testing_Pratice.CrossBrowserTesting" name="edge" time="0.0">
    <ignored/>
  </testcase> <!-- edge -->
  <testcase classname="Testing_Pratice.CrossBrowserTesting" name="chrome" time="0.0">
    <ignored/>
  </testcase> <!-- chrome -->
</testsuite>
