<?xml version="1.0" encoding="UTF-8"?>
<!-- Generated by org.testng.reporters.JUnitReportReporter -->
<testsuite hostname="DESKTOP-935VO9M" failures="0" tests="3" name="Testing_Pratice.First_Test" time="3.982" errors="0" timestamp="2026-05-20T21:47:51 IST" skipped="0">
  <testcase classname="Testing_Pratice.First_Test" name="unit3" time="0.357"/>
  <testcase classname="Testing_Pratice.First_Test" name="unit2" time="2.199"/>
  <testcase classname="Testing_Pratice.First_Test" name="unit1" time="1.426"/>
</testsuite> <!-- Testing_Pratice.First_Test -->
