<?xml version="1.0" encoding="UTF-8"?>
<!-- Generated by org.testng.reporters.JUnitReportReporter -->
<testsuite hostname="DESKTOP-935VO9M" failures="0" tests="7" name="Testing_Pratice.Amazon_Serach" time="83.381" errors="0" timestamp="2026-05-21T14:45:36 IST" skipped="0">
  <testcase classname="Testing_Pratice.Amazon_Serach" name="search_Engine" time="7.364"/>
  <testcase classname="Testing_Pratice.Amazon_Serach" name="search_Engine" time="23.469"/>
  <testcase classname="Testing_Pratice.Amazon_Serach" name="search_Engine" time="11.129"/>
  <testcase classname="Testing_Pratice.Amazon_Serach" name="search_Engine" time="12.787"/>
  <testcase classname="Testing_Pratice.Amazon_Serach" name="search_Engine" time="8.133"/>
  <testcase classname="Testing_Pratice.Amazon_Serach" name="search_Engine" time="9.662"/>
  <testcase classname="Testing_Pratice.Amazon_Serach" name="search_Engine" time="10.837"/>
</testsuite> <!-- Testing_Pratice.Amazon_Serach -->
