<?xml version="1.0" encoding="UTF-8"?>
<!-- Generated by org.testng.reporters.JUnitReportReporter -->
<testsuite hostname="DESKTOP-935VO9M" failures="0" tests="2" name="Testing_Pratice.Amazon_Automation" time="39.412" errors="0" timestamp="2026-05-20T19:06:06 IST" skipped="0">
  <testcase classname="Testing_Pratice.Amazon_Automation" name="login" time="37.606"/>
  <testcase classname="Testing_Pratice.Amazon_Automation" name="updateAddress" time="1.806"/>
</testsuite> <!-- Testing_Pratice.Amazon_Automation -->
