<?xml version="1.0" encoding="UTF-8"?>
<!-- Generated by org.testng.reporters.JUnitReportReporter -->
<testsuite hostname="DESKTOP-935VO9M" failures="0" tests="3" name="eBay.eBay_TestCase" time="25.769" errors="0" timestamp="2026-05-23T01:46:43 IST" skipped="0">
  <testcase classname="eBay.eBay_TestCase" name="serachEngin" time="5.787"/>
  <testcase classname="eBay.eBay_TestCase" name="serachEngin" time="8.404"/>
  <testcase classname="eBay.eBay_TestCase" name="serachEngin" time="11.578"/>
</testsuite> <!-- eBay.eBay_TestCase -->
