<?xml version="1.0" encoding="UTF-8"?>
<!-- Generated by org.testng.reporters.JUnitReportReporter -->
<testsuite hostname="DESKTOP-935VO9M" failures="0" tests="7" name="Testing_Pratice.Amazon_Automation2" time="221.858" errors="0" timestamp="2026-05-22T12:22:03 IST" skipped="0">
  <testcase classname="Testing_Pratice.Amazon_Automation2" name="registration" time="50.584"/>
  <testcase classname="Testing_Pratice.Amazon_Automation2" name="login" time="40.548"/>
  <testcase classname="Testing_Pratice.Amazon_Automation2" name="search_Engine" time="32.166"/>
  <testcase classname="Testing_Pratice.Amazon_Automation2" name="add_to_cart" time="43.290"/>
  <testcase classname="Testing_Pratice.Amazon_Automation2" name="viewProduct" time="39.198"/>
  <testcase classname="Testing_Pratice.Amazon_Automation2" name="remove_from_cart" time="2.299"/>
  <testcase classname="Testing_Pratice.Amazon_Automation2" name="updateAddress" time="13.773"/>
</testsuite> <!-- Testing_Pratice.Amazon_Automation2 -->
