<?xml version="1.0" encoding="UTF-8"?>
<!-- Generated by org.testng.reporters.JUnitReportReporter -->
<testsuite hostname="DESKTOP-935VO9M" failures="0" tests="11" name="AssignmentDay26.TutorialsNinja_TestCase" time="47.505" errors="0" timestamp="2026-05-24T14:26:37 IST" skipped="0">
  <testcase classname="AssignmentDay26.TutorialsNinja_TestCase" name="registerUser" time="7.766"/>
  <testcase classname="AssignmentDay26.TutorialsNinja_TestCase" name="login" time="3.361"/>
  <testcase classname="AssignmentDay26.TutorialsNinja_TestCase" name="searchEngine" time="4.107"/>
  <testcase classname="AssignmentDay26.TutorialsNinja_TestCase" name="searchEngine" time="4.236"/>
  <testcase classname="AssignmentDay26.TutorialsNinja_TestCase" name="searchEngine" time="4.214"/>
  <testcase classname="AssignmentDay26.TutorialsNinja_TestCase" name="addProductsToCart" time="5.792"/>
  <testcase classname="AssignmentDay26.TutorialsNinja_TestCase" name="addProductsToCart" time="4.750"/>
  <testcase classname="AssignmentDay26.TutorialsNinja_TestCase" name="addProductsToCart" time="4.838"/>
  <testcase classname="AssignmentDay26.TutorialsNinja_TestCase" name="removeProductsToCart" time="4.540"/>
  <testcase classname="AssignmentDay26.TutorialsNinja_TestCase" name="checkout" time="0.760"/>
  <testcase classname="AssignmentDay26.TutorialsNinja_TestCase" name="logoutUser" time="3.141"/>
</testsuite> <!-- AssignmentDay26.TutorialsNinja_TestCase -->
