<?xml version="1.0" encoding="UTF-8"?>
<!-- Generated by org.testng.reporters.JUnitReportReporter -->
<testsuite hostname="DESKTOP-935VO9M" failures="0" tests="2" name="AssignmentDay26.TutorialsNinja_TestCase" time="20.849" errors="0" timestamp="2026-05-23T20:20:15 IST" skipped="0">
  <testcase classname="AssignmentDay26.TutorialsNinja_TestCase" name="registerUser" time="4.992"/>
  <testcase classname="AssignmentDay26.TutorialsNinja_TestCase" name="login" time="15.857"/>
</testsuite> <!-- AssignmentDay26.TutorialsNinja_TestCase -->
