<?xml version="1.0" encoding="UTF-8"?>
<!-- Generated by org.testng.reporters.JUnitReportReporter -->
<testsuite hostname="DESKTOP-935VO9M" failures="0" tests="3" name="Testing_Pratice.CrossBrowserTesting" time="32.175" errors="0" timestamp="2026-05-21T11:05:26 IST" skipped="0">
  <testcase classname="Testing_Pratice.CrossBrowserTesting" name="firefox" time="14.394"/>
  <testcase classname="Testing_Pratice.CrossBrowserTesting" name="chrome" time="8.079"/>
  <testcase classname="Testing_Pratice.CrossBrowserTesting" name="edge" time="9.702"/>
</testsuite> <!-- Testing_Pratice.CrossBrowserTesting -->
