<?xml version="1.0" encoding="UTF-8"?>
<!-- Generated by org.testng.reporters.JUnitReportReporter -->
<testsuite hostname="DESKTOP-935VO9M" failures="0" tests="2" name="Testing_Pratice.CrossBrowserTesting" time="27.811" errors="0" timestamp="2026-05-21T16:14:58 IST" skipped="0">
  <testcase classname="Testing_Pratice.CrossBrowserTesting" name="firefox" time="15.461"/>
  <testcase classname="Testing_Pratice.CrossBrowserTesting" name="chrome" time="12.350"/>
</testsuite> <!-- Testing_Pratice.CrossBrowserTesting -->
