<?xml version="1.0" encoding="UTF-8"?>
<!-- Generated by org.testng.reporters.JUnitReportReporter -->
<testsuite hostname="DESKTOP-935VO9M" failures="0" tests="4" name="Testing_Pratice.Excel_data" time="0.046" errors="0" timestamp="2026-05-22T12:58:21 IST" skipped="0">
  <testcase classname="Testing_Pratice.Excel_data" name="loginTest" time="0.006"/>
  <testcase classname="Testing_Pratice.Excel_data" name="loginTest" time="0.007"/>
  <testcase classname="Testing_Pratice.Excel_data" name="loginTest" time="0.027"/>
  <testcase classname="Testing_Pratice.Excel_data" name="loginTest" time="0.006"/>
</testsuite> <!-- Testing_Pratice.Excel_data -->
