<?xml version="1.0" encoding="UTF-8"?>
<!-- Generated by org.testng.reporters.JUnitReportReporter -->
<testsuite hostname="DESKTOP-935VO9M" failures="0" tests="2" name="Testing_Pratice.Amazon_TestNG_XML" time="80.154" errors="0" timestamp="2026-05-21T16:29:47 IST" skipped="0">
  <testcase classname="Testing_Pratice.Amazon_TestNG_XML" name="login" time="44.200"/>
  <testcase classname="Testing_Pratice.Amazon_TestNG_XML" name="search_Engine" time="35.954"/>
</testsuite> <!-- Testing_Pratice.Amazon_TestNG_XML -->
