<?xml version="1.0" encoding="UTF-8"?>
<!-- Generated by org.testng.reporters.JUnitReportReporter -->
<testsuite hostname="DESKTOP-935VO9M" failures="0" tests="3" name="Testing_Pratice.First_Test" time="3.912" errors="0" timestamp="2026-05-20T22:26:09 IST" skipped="0">
  <testcase classname="Testing_Pratice.First_Test" name="unit3" time="0.324"/>
  <testcase classname="Testing_Pratice.First_Test" name="unit2" time="2.208"/>
  <testcase classname="Testing_Pratice.First_Test" name="unit1" time="1.380"/>
</testsuite> <!-- Testing_Pratice.First_Test -->
