<?xml version="1.0" encoding="UTF-8"?>
<!-- Generated by org.testng.reporters.JUnitReportReporter -->
<testsuite hostname="DESKTOP-935VO9M" failures="0" tests="3" name="Testing_Pratice.Data_Provider" time="30.852" errors="0" timestamp="2026-05-21T11:40:50 IST" skipped="0">
  <testcase classname="Testing_Pratice.Data_Provider" name="crossbrowser_test" time="10.233"/>
  <testcase classname="Testing_Pratice.Data_Provider" name="crossbrowser_test" time="12.961"/>
  <testcase classname="Testing_Pratice.Data_Provider" name="crossbrowser_test" time="7.658"/>
</testsuite> <!-- Testing_Pratice.Data_Provider -->
