<?xml version="1.0" encoding="UTF-8"?>
<!-- Generated by org.testng.reporters.JUnitReportReporter -->
<testsuite hostname="DESKTOP-935VO9M" failures="0" tests="3" name="Testing_Pratice.WriteSheet" time="2.820" errors="0" timestamp="2026-05-22T16:50:13 IST" skipped="0">
  <testcase classname="Testing_Pratice.WriteSheet" name="loginVerify" time="0.857"/>
  <testcase classname="Testing_Pratice.WriteSheet" name="loginVerify" time="0.864"/>
  <testcase classname="Testing_Pratice.WriteSheet" name="loginVerify" time="1.099"/>
</testsuite> <!-- Testing_Pratice.WriteSheet -->
