<?xml version="1.0" encoding="UTF-8"?>
<!-- Generated by org.testng.reporters.JUnitReportReporter -->
<testsuite hostname="DESKTOP-935VO9M" failures="0" tests="4" name="testcases.FlightBookingTest" time="7.899" errors="0" timestamp="2026-06-06T12:58:25 IST" skipped="0">
  <testcase classname="testcases.FlightBookingTest" name="verifyHomePage" time="1.576"/>
  <testcase classname="testcases.FlightBookingTest" name="verifyFlightSearch" time="0.298"/>
  <testcase classname="testcases.FlightBookingTest" name="verifyPurchasePage" time="3.231"/>
  <testcase classname="testcases.FlightBookingTest" name="verifyBookingConfirmation" time="2.794"/>
</testsuite> <!-- testcases.FlightBookingTest -->
