<?xml version="1.0" encoding="UTF-8"?>
<!-- Generated by org.testng.reporters.JUnitReportReporter -->
<testsuite hostname="DESKTOP-935VO9M" failures="0" tests="4" name="testcases.FlightBookingTest" time="8.293" errors="0" timestamp="2026-06-08T11:16:48 IST" skipped="0">
  <testcase classname="testcases.FlightBookingTest" name="verifyHomePage" time="2.127"/>
  <testcase classname="testcases.FlightBookingTest" name="verifyFlightSearch" time="0.844"/>
  <testcase classname="testcases.FlightBookingTest" name="verifyPurchasePage" time="3.877"/>
  <testcase classname="testcases.FlightBookingTest" name="verifyBookingConfirmation" time="1.445"/>
</testsuite> <!-- testcases.FlightBookingTest -->
