<?xml version="1.0" encoding="UTF-8"?>
<testng-results ignored="0" total="11" passed="11" failed="0" skipped="0">
  <reporter-output>
  </reporter-output>
  <suite started-at="2026-05-24T14:46:18 IST" name="TutorialsNinjaSuite" finished-at="2026-05-24T14:47:05 IST" duration-ms="47063">
    <groups>
    </groups>
    <test started-at="2026-05-24T14:46:18 IST" name="RegressionTest" finished-at="2026-05-24T14:47:05 IST" duration-ms="47063">
      <class name="testcases.TutorialsNinjaTest">
        <test-method is-config="true" signature="setup()[pri:0, instance:testcases.TutorialsNinjaTest@489115ef]" started-at="2026-05-24T14:46:18 IST" name="setup" finished-at="2026-05-24T14:46:21 IST" duration-ms="3533" status="PASS">
          <reporter-output>
          </reporter-output>
        </test-method> <!-- setup -->
        <test-method is-config="true" signature="initPage()[pri:0, instance:testcases.TutorialsNinjaTest@489115ef]" started-at="2026-05-24T14:46:21 IST" name="initPage" finished-at="2026-05-24T14:46:21 IST" duration-ms="5" status="PASS">
          <reporter-output>
          </reporter-output>
        </test-method> <!-- initPage -->
        <test-method signature="registerUser(java.lang.String,java.lang.String,java.lang.String,java.lang.String,java.lang.String,java.lang.String)[pri:1, instance:testcases.TutorialsNinjaTest@489115ef]" started-at="2026-05-24T14:46:21 IST" name="registerUser" data-provider="UserData" finished-at="2026-05-24T14:46:27 IST" duration-ms="5406" status="PASS">
          <params>
            <param index="0">
              <value>
                <![CDATA[Test]]>
              </value>
            </param>
            <param index="1">
              <value>
                <![CDATA[Selenium]]>
              </value>
            </param>
            <param index="2">
              <value>
                <![CDATA[testselenium02@gmail.com]]>
              </value>
            </param>
            <param index="3">
              <value>
                <![CDATA[9876543210]]>
              </value>
            </param>
            <param index="4">
              <value>
                <![CDATA[test@123]]>
              </value>
            </param>
            <param index="5">
              <value>
                <![CDATA[test@123]]>
              </value>
            </param>
          </params>
          <reporter-output>
          </reporter-output>
        </test-method> <!-- registerUser -->
        <test-method signature="login()[pri:2, instance:testcases.TutorialsNinjaTest@489115ef]" started-at="2026-05-24T14:46:27 IST" name="login" finished-at="2026-05-24T14:46:29 IST" duration-ms="2486" status="PASS">
          <reporter-output>
          </reporter-output>
        </test-method> <!-- login -->
        <test-method signature="searchEngine(java.lang.String)[pri:3, instance:testcases.TutorialsNinjaTest@489115ef]" started-at="2026-05-24T14:46:29 IST" name="searchEngine" data-provider="searchItems" finished-at="2026-05-24T14:46:33 IST" duration-ms="3620" status="PASS">
          <params>
            <param index="0">
              <value>
                <![CDATA[phone]]>
              </value>
            </param>
          </params>
          <reporter-output>
          </reporter-output>
        </test-method> <!-- searchEngine -->
        <test-method signature="searchEngine(java.lang.String)[pri:3, instance:testcases.TutorialsNinjaTest@489115ef]" started-at="2026-05-24T14:46:33 IST" name="searchEngine" data-provider="searchItems" finished-at="2026-05-24T14:46:37 IST" duration-ms="3621" status="PASS">
          <params>
            <param index="0">
              <value>
                <![CDATA[Sony VAIO]]>
              </value>
            </param>
          </params>
          <reporter-output>
          </reporter-output>
        </test-method> <!-- searchEngine -->
        <test-method signature="searchEngine(java.lang.String)[pri:3, instance:testcases.TutorialsNinjaTest@489115ef]" started-at="2026-05-24T14:46:37 IST" name="searchEngine" data-provider="searchItems" finished-at="2026-05-24T14:46:40 IST" duration-ms="3714" status="PASS">
          <params>
            <param index="0">
              <value>
                <![CDATA[tab]]>
              </value>
            </param>
          </params>
          <reporter-output>
          </reporter-output>
        </test-method> <!-- searchEngine -->
        <test-method signature="addProductsToCart(java.lang.String)[pri:4, instance:testcases.TutorialsNinjaTest@489115ef]" started-at="2026-05-24T14:46:40 IST" name="addProductsToCart" data-provider="searchItems" finished-at="2026-05-24T14:46:46 IST" duration-ms="5467" status="PASS">
          <params>
            <param index="0">
              <value>
                <![CDATA[phone]]>
              </value>
            </param>
          </params>
          <reporter-output>
          </reporter-output>
        </test-method> <!-- addProductsToCart -->
        <test-method signature="addProductsToCart(java.lang.String)[pri:4, instance:testcases.TutorialsNinjaTest@489115ef]" started-at="2026-05-24T14:46:46 IST" name="addProductsToCart" data-provider="searchItems" finished-at="2026-05-24T14:46:51 IST" duration-ms="4903" status="PASS">
          <params>
            <param index="0">
              <value>
                <![CDATA[Sony VAIO]]>
              </value>
            </param>
          </params>
          <reporter-output>
          </reporter-output>
        </test-method> <!-- addProductsToCart -->
        <test-method signature="addProductsToCart(java.lang.String)[pri:4, instance:testcases.TutorialsNinjaTest@489115ef]" started-at="2026-05-24T14:46:51 IST" name="addProductsToCart" data-provider="searchItems" finished-at="2026-05-24T14:46:57 IST" duration-ms="6028" status="PASS">
          <params>
            <param index="0">
              <value>
                <![CDATA[tab]]>
              </value>
            </param>
          </params>
          <reporter-output>
          </reporter-output>
        </test-method> <!-- addProductsToCart -->
        <test-method signature="removeProductsToCart()[pri:5, instance:testcases.TutorialsNinjaTest@489115ef]" started-at="2026-05-24T14:46:57 IST" name="removeProductsToCart" finished-at="2026-05-24T14:47:00 IST" duration-ms="3814" status="PASS">
          <reporter-output>
          </reporter-output>
        </test-method> <!-- removeProductsToCart -->
        <test-method signature="checkout()[pri:6, instance:testcases.TutorialsNinjaTest@489115ef]" started-at="2026-05-24T14:47:00 IST" name="checkout" finished-at="2026-05-24T14:47:01 IST" duration-ms="795" status="PASS">
          <reporter-output>
          </reporter-output>
        </test-method> <!-- checkout -->
        <test-method signature="logoutUser()[pri:7, instance:testcases.TutorialsNinjaTest@489115ef]" started-at="2026-05-24T14:47:01 IST" name="logoutUser" finished-at="2026-05-24T14:47:04 IST" duration-ms="2924" status="PASS">
          <reporter-output>
          </reporter-output>
        </test-method> <!-- logoutUser -->
        <test-method is-config="true" signature="tearDown()[pri:0, instance:testcases.TutorialsNinjaTest@489115ef]" started-at="2026-05-24T14:47:04 IST" name="tearDown" finished-at="2026-05-24T14:47:05 IST" duration-ms="596" status="PASS">
          <reporter-output>
          </reporter-output>
        </test-method> <!-- tearDown -->
      </class> <!-- testcases.TutorialsNinjaTest -->
    </test> <!-- RegressionTest -->
  </suite> <!-- TutorialsNinjaSuite -->
</testng-results>
