<?xml version="1.0" encoding="UTF-8"?>
<!-- Generated by org.testng.reporters.JUnitXMLReporter -->
<testsuite ignored="3" hostname="DESKTOP-935VO9M" failures="0" tests="3" name="Default test" time="20.103" errors="0" timestamp="2026-05-24T11:57:17 IST">
  <testcase classname="AssignmentDay26.TutorialsNinja_TestCase" name="addProductsToCart" time="5.763"/>
  <testcase classname="AssignmentDay26.TutorialsNinja_TestCase" name="addProductsToCart" time="4.828"/>
  <testcase classname="AssignmentDay26.TutorialsNinja_TestCase" name="addProductsToCart" time="6.047"/>
  <testcase classname="AssignmentDay26.TutorialsNinja_TestCase" name="login" time="0.0">
    <ignored/>
  </testcase> <!-- login -->
  <testcase classname="AssignmentDay26.TutorialsNinja_TestCase" name="registerUser" time="0.0">
    <ignored/>
  </testcase> <!-- registerUser -->
  <testcase classname="AssignmentDay26.TutorialsNinja_TestCase" name="searchEngine" time="0.0">
    <ignored/>
  </testcase> <!-- searchEngine -->
</testsuite> <!-- Default test -->
