<?xml version="1.0" encoding="UTF-8"?>
<!-- Generated by org.testng.reporters.JUnitXMLReporter -->
<testsuite ignored="2" hostname="DESKTOP-935VO9M" failures="1" tests="5" name="RegressionTest" time="125.28" errors="0" timestamp="2026-05-21T22:41:03 IST">
  <testcase classname="Testing_Pratice.Amazon_TestNG_XML" name="add_to_cart" time="50.227"/>
  <testcase classname="Testing_Pratice.Amazon_TestNG_XML" name="registration" time="44.912"/>
  <testcase classname="Testing_Pratice.Amazon_TestNG_XML" name="remove_from_cart" time="10.658"/>
  <testcase classname="Testing_Pratice.Amazon_TestNG_XML" name="updateAddress" time="10.585">
    <failure type="org.openqa.selenium.TimeoutException" message="Expected condition failed: waiting for visibility of element found by By.xpath: /html/body/div[1]/header/div/div[1]/div[3]/div/a[2], but... org.openqa.selenium.NoSuchElementException: no such element: Unable to locate element: {&amp;quot;method&amp;quot;:&amp;quot;xpath&amp;quot;,&amp;quot;selector&amp;quot;:&amp;quot;/html/body/div[1]/header/div/div[1]/div[3]/div/a[2]&amp;quot;}.
(tried for 10 seconds with 500 milliseconds interval)
Build info: version: &amp;apos;4.44.0&amp;apos;, revision: &amp;apos;da2039b&amp;apos;
System info: os.name: &amp;apos;Windows 11&amp;apos;, os.arch: &amp;apos;amd64&amp;apos;, os.version: &amp;apos;10.0&amp;apos;, java.version: &amp;apos;21.0.10&amp;apos;
Driver info: org.openqa.selenium.chrome.ChromeDriver
Capabilities {acceptInsecureCerts: false, browserName: chrome, browserVersion: 148.0.7778.178, chrome: {chromedriverVersion: 148.0.7778.178 (d096af1c9e9..., userDataDir: C:\Users\User\AppData\Local...}, fedcm:accounts: true, goog:chromeOptions: {debuggerAddress: localhost:64414}, goog:processID: 17112, networkConnectionEnabled: false, pageLoadStrategy: normal, platformName: windows, proxy: Proxy(), se:cdp: ws://localhost:64414/devtoo..., se:cdpVersion: 148.0.7778.178, setWindowRect: true, strictFileInteractability: false, timeouts: {implicit: 0, pageLoad: 300000, script: 30000}, unhandledPromptBehavior: dismiss and notify, webauthn:extension:credBlob: true, webauthn:extension:largeBlob: true, webauthn:extension:minPinLength: true, webauthn:extension:prf: true, webauthn:virtualAuthenticators: true}
Session ID: 02e991f0bfdabf1ba6532b2c12e2f2cc">
      <![CDATA[org.openqa.selenium.TimeoutException: Expected condition failed: waiting for visibility of element found by By.xpath: /html/body/div[1]/header/div/div[1]/div[3]/div/a[2], but... org.openqa.selenium.NoSuchElementException: no such element: Unable to locate element: {"method":"xpath","selector":"/html/body/div[1]/header/div/div[1]/div[3]/div/a[2]"}.
(tried for 10 seconds with 500 milliseconds interval)
Build info: version: '4.44.0', revision: 'da2039b'
System info: os.name: 'Windows 11', os.arch: 'amd64', os.version: '10.0', java.version: '21.0.10'
Driver info: org.openqa.selenium.chrome.ChromeDriver
Capabilities {acceptInsecureCerts: false, browserName: chrome, browserVersion: 148.0.7778.178, chrome: {chromedriverVersion: 148.0.7778.178 (d096af1c9e9..., userDataDir: C:\Users\User\AppData\Local...}, fedcm:accounts: true, goog:chromeOptions: {debuggerAddress: localhost:64414}, goog:processID: 17112, networkConnectionEnabled: false, pageLoadStrategy: normal, platformName: windows, proxy: Proxy(), se:cdp: ws://localhost:64414/devtoo..., se:cdpVersion: 148.0.7778.178, setWindowRect: true, strictFileInteractability: false, timeouts: {implicit: 0, pageLoad: 300000, script: 30000}, unhandledPromptBehavior: dismiss and notify, webauthn:extension:credBlob: true, webauthn:extension:largeBlob: true, webauthn:extension:minPinLength: true, webauthn:extension:prf: true, webauthn:virtualAuthenticators: true}
Session ID: 02e991f0bfdabf1ba6532b2c12e2f2cc
at org.openqa.selenium.support.ui.WebDriverWait.timeoutException(WebDriverWait.java:85)
at org.openqa.selenium.support.ui.FluentWait.until(FluentWait.java:234)
at Testing_Pratice.Amazon_TestNG_XML.updateAddress(Amazon_TestNG_XML.java:216)
at java.base/java.util.ArrayList.forEach(ArrayList.java:1596)
... Removed 25 stack frames]]>
    </failure>
  </testcase> <!-- updateAddress -->
  <testcase classname="Testing_Pratice.Amazon_TestNG_XML" name="viewProduct" time="5.08"/>
  <testcase classname="Testing_Pratice.Amazon_TestNG_XML" name="login" time="0.0">
    <ignored/>
  </testcase> <!-- login -->
  <testcase classname="Testing_Pratice.Amazon_TestNG_XML" name="search_Engine" time="0.0">
    <ignored/>
  </testcase> <!-- search_Engine -->
</testsuite> <!-- RegressionTest -->
