<?xml version="1.0" encoding="UTF-8"?>
<!-- Generated by org.testng.reporters.JUnitXMLReporter -->
<testsuite ignored="5" hostname="DESKTOP-935VO9M" failures="0" tests="2" name="SmokeTest" time="86.855" errors="0" timestamp="2026-05-21T16:29:46 IST">
  <testcase classname="Testing_Pratice.Amazon_TestNG_XML" name="login" time="44.2"/>
  <testcase classname="Testing_Pratice.Amazon_TestNG_XML" name="search_Engine" time="35.954"/>
  <testcase classname="Testing_Pratice.Amazon_TestNG_XML" name="updateAddress" time="0.0">
    <ignored/>
  </testcase> <!-- updateAddress -->
  <testcase classname="Testing_Pratice.Amazon_TestNG_XML" name="add_to_cart" time="0.0">
    <ignored/>
  </testcase> <!-- add_to_cart -->
  <testcase classname="Testing_Pratice.Amazon_TestNG_XML" name="registration" time="0.0">
    <ignored/>
  </testcase> <!-- registration -->
  <testcase classname="Testing_Pratice.Amazon_TestNG_XML" name="viewProduct" time="0.0">
    <ignored/>
  </testcase> <!-- viewProduct -->
  <testcase classname="Testing_Pratice.Amazon_TestNG_XML" name="remove_from_cart" time="0.0">
    <ignored/>
  </testcase> <!-- remove_from_cart -->
</testsuite> <!-- SmokeTest -->
