<?xml version="1.0" encoding="UTF-8"?>
<!-- Generated by org.testng.reporters.JUnitXMLReporter -->
<testsuite ignored="0" hostname="DESKTOP-935VO9M" failures="0" tests="4" name="FlightBookingTests" time="12.553" errors="0" timestamp="2026-06-06T12:59:56 IST">
  <testcase classname="testcases.FlightBookingTest" name="verifyHomePage" time="1.429"/>
  <testcase classname="testcases.FlightBookingTest" name="verifyFlightSearch" time="0.286"/>
  <testcase classname="testcases.FlightBookingTest" name="verifyPurchasePage" time="3.293"/>
  <testcase classname="testcases.FlightBookingTest" name="verifyBookingConfirmation" time="2.712"/>
</testsuite> <!-- FlightBookingTests -->
