<?xml version="1.0" encoding="UTF-8"?>
<!-- Generated by org.testng.reporters.JUnitXMLReporter -->
<testsuite ignored="0" hostname="DESKTOP-935VO9M" failures="0" tests="4" name="FlightBookingTests" time="19.113" errors="0" timestamp="2026-06-08T11:55:43 IST">
  <testcase classname="testcases.FlightBookingTest" name="verifyHomePage" time="2.102"/>
  <testcase classname="testcases.FlightBookingTest" name="verifyFlightSearch" time="0.791"/>
  <testcase classname="testcases.FlightBookingTest" name="verifyPurchasePage" time="3.887"/>
  <testcase classname="testcases.FlightBookingTest" name="verifyBookingConfirmation" time="1.651"/>
</testsuite> <!-- FlightBookingTests -->
