<?xml version="1.0" encoding="UTF-8"?>
<testng-results ignored="0" total="1" passed="1" failed="0" skipped="0">
  <reporter-output>
  </reporter-output>
  <suite started-at="2026-05-20T21:48:33 IST" name="Default suite" finished-at="2026-05-20T21:48:49 IST" duration-ms="16200">
    <groups>
    </groups>
    <test started-at="2026-05-20T21:48:33 IST" name="Default test" finished-at="2026-05-20T21:48:49 IST" duration-ms="16200">
      <class name="Testing_Pratice.AutomationExercise">
        <test-method is-config="true" signature="beforeTest()[pri:0, instance:Testing_Pratice.AutomationExercise@45752059]" started-at="2026-05-20T21:48:33 IST" name="beforeTest" finished-at="2026-05-20T21:48:48 IST" duration-ms="15744" status="PASS">
          <reporter-output>
          </reporter-output>
        </test-method> <!-- beforeTest -->
        <test-method signature="RegisterUser()[pri:1, instance:Testing_Pratice.AutomationExercise@45752059]" started-at="2026-05-20T21:48:48 IST" name="RegisterUser" finished-at="2026-05-20T21:48:48 IST" duration-ms="33" status="PASS">
          <reporter-output>
          </reporter-output>
        </test-method> <!-- RegisterUser -->
        <test-method is-config="true" signature="afterTest()[pri:0, instance:Testing_Pratice.AutomationExercise@45752059]" started-at="2026-05-20T21:48:48 IST" name="afterTest" finished-at="2026-05-20T21:48:49 IST" duration-ms="363" status="PASS">
          <reporter-output>
          </reporter-output>
        </test-method> <!-- afterTest -->
      </class> <!-- Testing_Pratice.AutomationExercise -->
    </test> <!-- Default test -->
  </suite> <!-- Default suite -->
</testng-results>
