<?xml version="1.0" encoding="UTF-8"?>
<!-- Generated by org.testng.reporters.JUnitXMLReporter -->
<testsuite ignored="0" hostname="DESKTOP-935VO9M" failures="1" tests="3" name="RegressionTest" time="0.231" errors="0" timestamp="2026-05-22T17:22:18 IST">
  <testcase classname="Listeners_Code.Test_cases" name="Method1" time="0.022"/>
  <testcase classname="Listeners_Code.Test_cases" name="Method2" time="0.013">
    <failure type="java.lang.AssertionError" message="null">
      <![CDATA[java.lang.AssertionError: null
at Listeners_Code.Test_cases.Method2(Test_cases.java:20)
at java.base/java.util.ArrayList.forEach(ArrayList.java:1596)
... Removed 27 stack frames]]>
    </failure>
  </testcase> <!-- Method2 -->
  <testcase classname="Listeners_Code.Test_cases" name="Method3" time="0.015">
    <skipped/>
  </testcase> <!-- Method3 -->
</testsuite> <!-- RegressionTest -->
